5/26/2020 11:41:42 PM
 
Log
Setup of CustomOTCEngineLoop done.

Log
Academy resetting

Log
Resetting episode with seed: 42651

5/26/2020 11:44:47 PM
 
Log
Setup of CustomOTCEngineLoop done.

Log
Academy resetting

Log
Resetting episode with seed: 68850

5/26/2020 11:45:59 PM
 
Log
Setup of CustomOTCEngineLoop done.

Log
Academy resetting

Log
Resetting episode with seed: 68990

5/26/2020 11:49:18 PM
 
Log
Setup of CustomOTCEngineLoop done.

Log
Academy resetting

Log
Resetting episode with seed: 14384

5/26/2020 11:53:14 PM
 
Log
Setup of CustomOTCEngineLoop done.

Log
Academy resetting

Log
Resetting episode with seed: 12431

Log
Academy resetting

Log
Resetting episode with seed: 91849

5/26/2020 11:56:46 PM
 
Log
Setup of CustomOTCEngineLoop done.

Log
Academy resetting

Log
Resetting episode with seed: 88227

5/26/2020 11:58:02 PM
 
Log
Setup of CustomOTCEngineLoop done.

Log
Academy resetting

Log
Resetting episode with seed: 86063

Log
Academy resetting

Log
Resetting episode with seed: 34166

5/27/2020 12:10:32 AM
 
Log
Setup of CustomOTCEngineLoop done.

Log
Academy resetting

Log
Resetting episode with seed: 16353

Log
Academy resetting

Log
Resetting episode with seed: 41781

5/27/2020 12:12:29 AM
 
Log
Setup of CustomOTCEngineLoop done.

Log
Academy resetting

Log
Resetting episode with seed: 73598

Log
Academy resetting

Log
Resetting episode with seed: 46784

5/27/2020 12:16:08 AM
 
Log
Setup of CustomOTCEngineLoop done.

Log
Academy resetting

Log
Resetting episode with seed: 82575

Log
Academy resetting

Log
Resetting episode with seed: 5678

5/27/2020 12:20:15 AM
 
Log
Setup of CustomOTCEngineLoop done.

Log
Academy resetting

Log
Resetting episode with seed: 30859

Log
Academy resetting

Log
Resetting episode with seed: 25142

5/27/2020 12:22:33 AM
 
Log
Setup of CustomOTCEngineLoop done.

Log
Academy resetting

Log
Resetting episode with seed: 78599

Log
Academy resetting

Log
Resetting episode with seed: 6935

5/27/2020 12:27:02 AM
 
Log
Setup of CustomOTCEngineLoop done.

Log
Academy resetting

Log
Resetting episode with seed: 70964

Log
Academy resetting

Log
Resetting episode with seed: 51542

5/27/2020 12:34:38 AM
 
Log
Setup of CustomOTCEngineLoop done.

Log
Academy resetting

Log
Resetting episode with seed: 61224

Log
Academy resetting

Log
Resetting episode with seed: 13064

